<?xml version="1.0" encoding="UTF-8"?>
<Site BuildName="(empty)"
	BuildStamp="20230412-1358-Experimental"
	Name="(empty)"
	Generator="ctest-3.25.0"
	CompilerName=""
	CompilerVersion=""
	OSName="macOS"
	Hostname="bogon"
	OSRelease="13.0"
	OSVersion="22A5331f"
	OSPlatform="arm64"
	Is64Bits="1"
	VendorString="IBM"
	VendorID="IBM"
	FamilyID="16777228"
	ModelID="2"
	ProcessorCacheSize="131072"
	NumberOfLogicalCPU="8"
	NumberOfPhysicalCPU="8"
	TotalVirtualMemory="15360"
	TotalPhysicalMemory="8192"
	LogicalProcessorsPerPhysical="8"
	ProcessorClockFrequency="0"
	>
	<Testing>
		<StartDateTime>Apr 12 21:58 CST</StartDateTime>
		<StartTestTime>1681307886</StartTestTime>
		<TestList/>
		<EndDateTime>Apr 12 21:58 CST</EndDateTime>
		<EndTestTime>1681307886</EndTestTime>
		<ElapsedMinutes>0</ElapsedMinutes>
	</Testing>
</Site>
